Arguments: 
  /usr/local/bin/node /usr/local/bin/yarn

PATH: 
  /usr/local/Cellar/zplug/2.4.1/repos/zplug/zplug/bin:/usr/local/bin:/usr/bin:/bin:/usr/sbin:/sbin:/usr/local/go/bin:/Applications/Wireshark.app/Contents/MacOS:/Users/chunza2542/go/bin:/usr/local/opt/zplug/repos/unixorn/tumult.plugin.zsh/bin

Yarn version: 
  0.27.5

Node version: 
  9.3.0

Platform: 
  darwin x64

npm manifest: 
  {
    "name": "backend",
    "version": "0.0.0",
    "private": true,
    "scripts": {
      "start": "node app.js"
    },
    "dependencies": {
      "express": "~4.16.0",
    }
  }

yarn manifest: 
  No manifest

Lockfile: 
  No lockfile

Trace: 
  SyntaxError: /Users/chunza2542/Documents/quotebook/backend/package.json: Unexpected token } in JSON at position 159
      at JSON.parse (<anonymous>)
      at /usr/local/lib/node_modules/yarn/lib/util/fs.js:554:57
      at Generator.next (<anonymous>)
      at step (/usr/local/lib/node_modules/yarn/node_modules/babel-runtime/helpers/asyncToGenerator.js:17:30)
      at /usr/local/lib/node_modules/yarn/node_modules/babel-runtime/helpers/asyncToGenerator.js:28:13
      at <anonymous>
